Logfile initialized
[INFO] logfile = C:\Users\adrien\My Documents\Titanium_Studio_Workspace\Numzle\build.log
[DEBUG] C:\Users\adrien\AppData\Roaming\Titanium\mobilesdk\win32\3.0.2.GA\android\builder.py install Nummies C:\Users\adrien\.android\sdk C:\Users\adrien\My Documents\Titanium_Studio_Workspace\Numzle com.mc.nummies 5
[INFO] Titanium SDK version: 3.0.2 (02/15/13 19:02 5a77fe7)
[DEBUG] Waiting for device to be ready ...
[TRACE] adb devices returned 2 devices/emulators
[DEBUG] Device connected... (waited 0 seconds)
[DEBUG] waited 0.017000 seconds on emulator to get ready
[DEBUG] com.mc.nummies installed? False
[INFO] Copying CommonJS modules...
[INFO] Copying project resources..
[TRACE] Generating Java Classes
[DEBUG] Processing Android resource drawables
[DEBUG] copying app icon: C:\Users\adrien\My Documents\Titanium_Studio_Workspace\Numzle\build\android\bin\assets\Resources\appicon.png
[DEBUG] generating theme.xml
[DEBUG] found drawable-long-land-hdpi splash screen at C:\Users\adrien\My Documents\Titanium_Studio_Workspace\Numzle\Resources\android\images\res-long-land-hdpi\default.png
[DEBUG] copying C:\Users\adrien\My Documents\Titanium_Studio_Workspace\Numzle\Resources\android\images\res-long-land-hdpi\default.png splash screen to C:\Users\adrien\My Documents\Titanium_Studio_Workspace\Numzle\build\android\res\drawable-long-land-hdpi\background.png
[DEBUG] found drawable-long-land-ldpi splash screen at C:\Users\adrien\My Documents\Titanium_Studio_Workspace\Numzle\Resources\android\images\res-long-land-ldpi\default.png
[DEBUG] copying C:\Users\adrien\My Documents\Titanium_Studio_Workspace\Numzle\Resources\android\images\res-long-land-ldpi\default.png splash screen to C:\Users\adrien\My Documents\Titanium_Studio_Workspace\Numzle\build\android\res\drawable-long-land-ldpi\background.png
[DEBUG] found drawable-long-port-hdpi splash screen at C:\Users\adrien\My Documents\Titanium_Studio_Workspace\Numzle\Resources\android\images\res-long-port-hdpi\default.png
[DEBUG] copying C:\Users\adrien\My Documents\Titanium_Studio_Workspace\Numzle\Resources\android\images\res-long-port-hdpi\default.png splash screen to C:\Users\adrien\My Documents\Titanium_Studio_Workspace\Numzle\build\android\res\drawable-long-port-hdpi\background.png
[DEBUG] found drawable-long-port-ldpi splash screen at C:\Users\adrien\My Documents\Titanium_Studio_Workspace\Numzle\Resources\android\images\res-long-port-ldpi\default.png
[DEBUG] copying C:\Users\adrien\My Documents\Titanium_Studio_Workspace\Numzle\Resources\android\images\res-long-port-ldpi\default.png splash screen to C:\Users\adrien\My Documents\Titanium_Studio_Workspace\Numzle\build\android\res\drawable-long-port-ldpi\background.png
[DEBUG] found drawable-notlong-land-hdpi splash screen at C:\Users\adrien\My Documents\Titanium_Studio_Workspace\Numzle\Resources\android\images\res-notlong-land-hdpi\default.png
[DEBUG] copying C:\Users\adrien\My Documents\Titanium_Studio_Workspace\Numzle\Resources\android\images\res-notlong-land-hdpi\default.png splash screen to C:\Users\adrien\My Documents\Titanium_Studio_Workspace\Numzle\build\android\res\drawable-notlong-land-hdpi\background.png
[DEBUG] found drawable-notlong-land-ldpi splash screen at C:\Users\adrien\My Documents\Titanium_Studio_Workspace\Numzle\Resources\android\images\res-notlong-land-ldpi\default.png
[DEBUG] copying C:\Users\adrien\My Documents\Titanium_Studio_Workspace\Numzle\Resources\android\images\res-notlong-land-ldpi\default.png splash screen to C:\Users\adrien\My Documents\Titanium_Studio_Workspace\Numzle\build\android\res\drawable-notlong-land-ldpi\background.png
[DEBUG] found drawable-notlong-land-mdpi splash screen at C:\Users\adrien\My Documents\Titanium_Studio_Workspace\Numzle\Resources\android\images\res-notlong-land-mdpi\default.png
[DEBUG] copying C:\Users\adrien\My Documents\Titanium_Studio_Workspace\Numzle\Resources\android\images\res-notlong-land-mdpi\default.png splash screen to C:\Users\adrien\My Documents\Titanium_Studio_Workspace\Numzle\build\android\res\drawable-notlong-land-mdpi\background.png
[DEBUG] found drawable-notlong-port-hdpi splash screen at C:\Users\adrien\My Documents\Titanium_Studio_Workspace\Numzle\Resources\android\images\res-notlong-port-hdpi\default.png
[DEBUG] copying C:\Users\adrien\My Documents\Titanium_Studio_Workspace\Numzle\Resources\android\images\res-notlong-port-hdpi\default.png splash screen to C:\Users\adrien\My Documents\Titanium_Studio_Workspace\Numzle\build\android\res\drawable-notlong-port-hdpi\background.png
[DEBUG] found drawable-notlong-port-ldpi splash screen at C:\Users\adrien\My Documents\Titanium_Studio_Workspace\Numzle\Resources\android\images\res-notlong-port-ldpi\default.png
[DEBUG] copying C:\Users\adrien\My Documents\Titanium_Studio_Workspace\Numzle\Resources\android\images\res-notlong-port-ldpi\default.png splash screen to C:\Users\adrien\My Documents\Titanium_Studio_Workspace\Numzle\build\android\res\drawable-notlong-port-ldpi\background.png
[DEBUG] found drawable-notlong-port-mdpi splash screen at C:\Users\adrien\My Documents\Titanium_Studio_Workspace\Numzle\Resources\android\images\res-notlong-port-mdpi\default.png
[DEBUG] copying C:\Users\adrien\My Documents\Titanium_Studio_Workspace\Numzle\Resources\android\images\res-notlong-port-mdpi\default.png splash screen to C:\Users\adrien\My Documents\Titanium_Studio_Workspace\Numzle\build\android\res\drawable-notlong-port-mdpi\background.png
[DEBUG] found splash screen at C:\Users\adrien\My Documents\Titanium_Studio_Workspace\Numzle\build\android\bin\assets\Resources\default.png
[TRACE] Writing out AndroidManifest.xml
[DEBUG] adding C:\Users\adrien\My Documents\Titanium_Studio_Workspace\Numzle\build\android\gen\com\mc\nummies\NummiesActivity.java to javac build list
[DEBUG] adding C:\Users\adrien\My Documents\Titanium_Studio_Workspace\Numzle\build\android\gen\com\mc\nummies\NummiesAppInfo.java to javac build list
[DEBUG] adding C:\Users\adrien\My Documents\Titanium_Studio_Workspace\Numzle\build\android\gen\com\mc\nummies\NummiesApplication.java to javac build list
[DEBUG] adding C:\Users\adrien\My Documents\Titanium_Studio_Workspace\Numzle\build\android\gen\com\mc\nummies\R.java to javac build list
[DEBUG] Building Java Sources: "C:\\Users\\adrien\\My Documents\\Titanium_Studio_Workspace\\Numzle\\build\\android\\gen\\com\\mc\\nummies\\NummiesActivity.java" "C:\\Users\\adrien\\My Documents\\Titanium_Studio_Workspace\\Numzle\\build\\android\\gen\\com\\mc\\nummies\\NummiesAppInfo.java" "C:\\Users\\adrien\\My Documents\\Titanium_Studio_Workspace\\Numzle\\build\\android\\gen\\com\\mc\\nummies\\NummiesApplication.java" "C:\\Users\\adrien\\My Documents\\Titanium_Studio_Workspace\\Numzle\\build\\android\\gen\\com\\mc\\nummies\\R.java"
[INFO] Compiling Android Resources... This could take some time
[DEBUG] Android classes.dex built
[DEBUG] creating unsigned apk: C:\Users\adrien\My Documents\Titanium_Studio_Workspace\Numzle\build\android\bin\app-unsigned.apk
[DEBUG] from resource zip => assets/Resources/images/bouton.png
[DEBUG] from resource zip => assets/Resources/images/bouton1.png
[DEBUG] from resource zip => assets/Resources/images/case.png
[DEBUG] from resource zip => assets/Resources/ui/common/FirstView.js
[DEBUG] from resource zip => assets/Resources/ui/common/TrainingView.js
[DEBUG] from resource zip => assets/Resources/ui/handheld/android/ApplicationWindow.js
[DEBUG] from resource zip => assets/Resources/ui/handheld/ApplicationWindow.js
[DEBUG] from resource zip => assets/Resources/ui/images/appicon.png
[DEBUG] from resource zip => assets/Resources/ui/images/bg.png
[DEBUG] from resource zip => assets/Resources/ui/images/bouton.png
[DEBUG] from resource zip => assets/Resources/ui/images/bouton1.png
[DEBUG] from resource zip => assets/Resources/ui/tablet/ApplicationWindow.js
[DEBUG] from resource zip => assets/Resources/KS_nav_ui.png
[DEBUG] from resource zip => assets/Resources/KS_nav_views.png
[DEBUG] from resource zip => assets/Resources/app.js
[DEBUG] from resource zip => assets/Resources/appicon.png
[DEBUG] from resource zip => assets/Resources/default.png
[DEBUG] from resource zip => assets/app.json
[DEBUG] from resource zip => assets/index.json
[DEBUG] from resource zip => assets/tiapp.xml
[DEBUG] from resource zip => res/drawable/appicon.png
[DEBUG] from resource zip => res/drawable/background.png
[DEBUG] from resource zip => res/layout/titanium_tabgroup.xml
[DEBUG] from resource zip => AndroidManifest.xml
[DEBUG] from resource zip => resources.arsc
[DEBUG] from resource zip => res/drawable-long-land-hdpi/background.png
[DEBUG] from resource zip => res/drawable-long-land-ldpi/background.png
[DEBUG] from resource zip => res/drawable-long-port-hdpi/background.png
[DEBUG] from resource zip => res/drawable-long-port-ldpi/background.png
[DEBUG] from resource zip => res/drawable-notlong-land-hdpi/background.png
[DEBUG] from resource zip => res/drawable-notlong-land-ldpi/background.png
[DEBUG] from resource zip => res/drawable-notlong-land-mdpi/background.png
[DEBUG] from resource zip => res/drawable-notlong-port-hdpi/background.png
[DEBUG] from resource zip => res/drawable-notlong-port-ldpi/background.png
[DEBUG] from resource zip => res/drawable-notlong-port-mdpi/background.png
[DEBUG] from JAR C:\Users\adrien\AppData\Roaming\Titanium\mobilesdk\win32\3.0.2.GA\android\titanium.jar => org/appcelerator/titanium/build.properties
[DEBUG] from JAR C:\Users\adrien\AppData\Roaming\Titanium\mobilesdk\win32\3.0.2.GA\android\titanium.jar => org/appcelerator/titanium/res/drawable/background.png
[DEBUG] from JAR C:\Users\adrien\AppData\Roaming\Titanium\mobilesdk\win32\3.0.2.GA\android\titanium.jar => org/appcelerator/titanium/res/drawable/btn_check_buttonless_on.png
[DEBUG] from JAR C:\Users\adrien\AppData\Roaming\Titanium\mobilesdk\win32\3.0.2.GA\android\titanium.jar => org/appcelerator/titanium/res/drawable/btn_check_buttonless_on_18.png
[DEBUG] from JAR C:\Users\adrien\AppData\Roaming\Titanium\mobilesdk\win32\3.0.2.GA\android\titanium.jar => org/appcelerator/titanium/res/drawable/btn_check_buttonless_on_48.png
[DEBUG] from JAR C:\Users\adrien\AppData\Roaming\Titanium\mobilesdk\win32\3.0.2.GA\android\titanium.jar => org/appcelerator/titanium/res/drawable/btn_check_buttonless_on_64.png
[DEBUG] from JAR C:\Users\adrien\AppData\Roaming\Titanium\mobilesdk\win32\3.0.2.GA\android\titanium.jar => org/appcelerator/titanium/res/drawable/btn_more.png
[DEBUG] from JAR C:\Users\adrien\AppData\Roaming\Titanium\mobilesdk\win32\3.0.2.GA\android\titanium.jar => org/appcelerator/titanium/res/drawable/btn_more_18.png
[DEBUG] from JAR C:\Users\adrien\AppData\Roaming\Titanium\mobilesdk\win32\3.0.2.GA\android\titanium.jar => org/appcelerator/titanium/res/drawable/btn_more_48.png
[DEBUG] from JAR C:\Users\adrien\AppData\Roaming\Titanium\mobilesdk\win32\3.0.2.GA\android\titanium.jar => org/appcelerator/titanium/res/drawable/btn_more_64.png
[DEBUG] from JAR C:\Users\adrien\AppData\Roaming\Titanium\mobilesdk\win32\3.0.2.GA\android\titanium.jar => org/appcelerator/titanium/res/drawable/btn_picker_normal.9.png
[DEBUG] from JAR C:\Users\adrien\AppData\Roaming\Titanium\mobilesdk\win32\3.0.2.GA\android\titanium.jar => org/appcelerator/titanium/res/drawable/btn_picker_pressed.9.png
[DEBUG] from JAR C:\Users\adrien\AppData\Roaming\Titanium\mobilesdk\win32\3.0.2.GA\android\titanium.jar => org/appcelerator/titanium/res/drawable/btn_picker_selected.9.png
[DEBUG] from JAR C:\Users\adrien\AppData\Roaming\Titanium\mobilesdk\win32\3.0.2.GA\android\titanium.jar => org/appcelerator/titanium/res/drawable/default_icon.png
[DEBUG] from JAR C:\Users\adrien\AppData\Roaming\Titanium\mobilesdk\win32\3.0.2.GA\android\titanium.jar => org/appcelerator/titanium/res/drawable/photoDefault.png
[DEBUG] from JAR C:\Users\adrien\AppData\Roaming\Titanium\mobilesdk\win32\3.0.2.GA\android\modules\titanium-ui.jar => ti/modules/titanium/ui/widget/webview/binding.js
[DEBUG] from JAR C:\Users\adrien\AppData\Roaming\Titanium\mobilesdk\win32\3.0.2.GA\android\modules\titanium-ui.jar => ti/modules/titanium/ui/widget/webview/binding.min.js
[DEBUG] from JAR C:\Users\adrien\AppData\Roaming\Titanium\mobilesdk\win32\3.0.2.GA\android\modules\titanium-ui.jar => ti/modules/titanium/ui/widget/webview/json2.js
[DEBUG] from JAR C:\Users\adrien\AppData\Roaming\Titanium\mobilesdk\win32\3.0.2.GA\android\modules\titanium-ui.jar => ti/modules/titanium/ui/widget/webview/polling.js
[DEBUG] from JAR C:\Users\adrien\AppData\Roaming\Titanium\mobilesdk\win32\3.0.2.GA\android\modules\titanium-ui.jar => ti/modules/titanium/ui/widget/webview/polling.min.js
[DEBUG] installing native SDK libs
[DEBUG] Waiting for device to be ready ...
[TRACE] adb devices returned 2 devices/emulators
[DEBUG] Device connected... (waited 0 seconds)
[DEBUG] waited 0.020000 seconds on emulator to get ready
[INFO] Installing application on device
[INFO] Application installed. Launch from drawer on Home Screen
